<?xml version="1.0" encoding="UTF-8"?>
<!-- Generated by org.testng.reporters.JUnitReportReporter -->
<testsuite skipped="0" hostname="DV-LT-E-18799-1" name="testcases.LoginTestCRM" tests="1" failures="0" timestamp="2020-10-19T19:44:21 IST" time="5.837" errors="0">
  <testcase name="loginApp" time="5.837" classname="testcases.LoginTestCRM"/>
  <system-out/>
</testsuite> <!-- testcases.LoginTestCRM -->
